# JRE version: Java(TM) SE Runtime Environment (8.0_172-b11) (build 1.8.0_172-b11)
# Java VM: Java HotSpot(TM) 64-Bit Server VM (25.172-b11 mixed mode linux-amd64 compressed oops)
Heap:
 PSYoungGen      total 465408K, used 25081K [0x00000000d7100000, 0x00000000f5900000, 0x0000000100000000)
  eden space 440320K, 0% used [0x00000000d7100000,0x00000000d7100000,0x00000000f1f00000)
  from space 25088K, 99% used [0x00000000f2800000,0x00000000f407e478,0x00000000f4080000)
  to   space 20480K, 0% used [0x00000000f4500000,0x00000000f4500000,0x00000000f5900000)
 ParOldGen       total 92160K, used 28835K [0x0000000085200000, 0x000000008ac00000, 0x00000000d7100000)
  object space 92160K, 31% used [0x0000000085200000,0x0000000086e28e98,0x000000008ac00000)
 Metaspace       used 51914K, capacity 52564K, committed 52992K, reserved 1095680K
  class space    used 6639K, capacity 6820K, committed 6912K, reserved 1048576K
GC Heap History (10 events):
Event: 10.256 GC heap after
Heap after GC invocations=8 (full 1):
 PSYoungGen      total 216576K, used 11766K [0x00000000d7100000, 0x00000000ed680000, 0x0000000100000000)
  eden space 204800K, 0% used [0x00000000d7100000,0x00000000d7100000,0x00000000e3900000)
  from space 11776K, 99% used [0x00000000e3900000,0x00000000e447db00,0x00000000e4480000)
  to   space 19968K, 0% used [0x00000000ec300000,0x00000000ec300000,0x00000000ed680000)
 ParOldGen       total 55808K, used 22752K [0x0000000085200000, 0x0000000088880000, 0x00000000d7100000)
  object space 55808K, 40% used [0x0000000085200000,0x00000000868380e0,0x0000000088880000)
 Metaspace       used 32989K, capacity 33284K, committed 33664K, reserved 1079296K
  class space    used 4061K, capacity 4166K, committed 4224K, reserved 1048576K
}
Event: 12.774 GC heap before
{Heap before GC invocations=9 (full 1):
 PSYoungGen      total 216576K, used 216566K [0x00000000d7100000, 0x00000000ed680000, 0x0000000100000000)
  eden space 204800K, 100% used [0x00000000d7100000,0x00000000e3900000,0x00000000e3900000)
  from space 11776K, 99% used [0x00000000e3900000,0x00000000e447db00,0x00000000e4480000)
  to   space 19968K, 0% used [0x00000000ec300000,0x00000000ec300000,0x00000000ed680000)
 ParOldGen       total 55808K, used 22752K [0x0000000085200000, 0x0000000088880000, 0x00000000d7100000)
  object space 55808K, 40% used [0x0000000085200000,0x00000000868380e0,0x0000000088880000)
 Metaspace       used 34579K, capacity 34908K, committed 35200K, reserved 1079296K
  class space    used 4289K, capacity 4362K, committed 4480K, reserved 1048576K
Event: 12.825 GC heap after
Heap after GC invocations=9 (full 1):
 PSYoungGen      total 342016K, used 19958K [0x00000000d7100000, 0x00000000eda80000, 0x0000000100000000)
  eden space 322048K, 0% used [0x00000000d7100000,0x00000000d7100000,0x00000000eab80000)
  from space 19968K, 99% used [0x00000000ec300000,0x00000000ed67daa0,0x00000000ed680000)
  to   space 24064K, 0% used [0x00000000eab80000,0x00000000eab80000,0x00000000ec300000)
 ParOldGen       total 55808K, used 23988K [0x0000000085200000, 0x0000000088880000, 0x00000000d7100000)
  object space 55808K, 42% used [0x0000000085200000,0x000000008696d0d8,0x0000000088880000)
 Metaspace       used 34579K, capacity 34908K, committed 35200K, reserved 1079296K
  class space    used 4289K, capacity 4362K, committed 4480K, reserved 1048576K
}
Event: 13.672 GC heap before
{Heap before GC invocations=10 (full 1):
 PSYoungGen      total 342016K, used 92932K [0x00000000d7100000, 0x00000000eda80000, 0x0000000100000000)
  eden space 322048K, 22% used [0x00000000d7100000,0x00000000db843778,0x00000000eab80000)
  from space 19968K, 99% used [0x00000000ec300000,0x00000000ed67daa0,0x00000000ed680000)
  to   space 24064K, 0% used [0x00000000eab80000,0x00000000eab80000,0x00000000ec300000)
 ParOldGen       total 55808K, used 23988K [0x0000000085200000, 0x0000000088880000, 0x00000000d7100000)
  object space 55808K, 42% used [0x0000000085200000,0x000000008696d0d8,0x0000000088880000)
 Metaspace       used 34914K, capacity 35234K, committed 35456K, reserved 1081344K
  class space    used 4320K, capacity 4427K, committed 4480K, reserved 1048576K
Event: 13.767 GC heap after
Heap after GC invocations=10 (full 1):
 PSYoungGen      total 346112K, used 11044K [0x00000000d7100000, 0x00000000f5b00000, 0x0000000100000000)
  eden space 322048K, 0% used [0x00000000d7100000,0x00000000d7100000,0x00000000eab80000)
  from space 24064K, 45% used [0x00000000eab80000,0x00000000eb649318,0x00000000ec300000)
  to   space 22528K, 0% used [0x00000000f4500000,0x00000000f4500000,0x00000000f5b00000)
 ParOldGen       total 55808K, used 30136K [0x0000000085200000, 0x0000000088880000, 0x00000000d7100000)
  object space 55808K, 54% used [0x0000000085200000,0x0000000086f6e148,0x0000000088880000)
 Metaspace       used 34914K, capacity 35234K, committed 35456K, reserved 1081344K
  class space    used 4320K, capacity 4427K, committed 4480K, reserved 1048576K
}
Event: 13.767 GC heap before
{Heap before GC invocations=11 (full 2):
 PSYoungGen      total 346112K, used 11044K [0x00000000d7100000, 0x00000000f5b00000, 0x0000000100000000)
  eden space 322048K, 0% used [0x00000000d7100000,0x00000000d7100000,0x00000000eab80000)
  from space 24064K, 45% used [0x00000000eab80000,0x00000000eb649318,0x00000000ec300000)
  to   space 22528K, 0% used [0x00000000f4500000,0x00000000f4500000,0x00000000f5b00000)
 ParOldGen       total 55808K, used 30136K [0x0000000085200000, 0x0000000088880000, 0x00000000d7100000)
  object space 55808K, 54% used [0x0000000085200000,0x0000000086f6e148,0x0000000088880000)
 Metaspace       used 34914K, capacity 35234K, committed 35456K, reserved 1081344K
  class space    used 4320K, capacity 4427K, committed 4480K, reserved 1048576K
Event: 14.045 GC heap after
Heap after GC invocations=11 (full 2):
 PSYoungGen      total 346112K, used 0K [0x00000000d7100000, 0x00000000f5b00000, 0x0000000100000000)
  eden space 322048K, 0% used [0x00000000d7100000,0x00000000d7100000,0x00000000eab80000)
  from space 24064K, 0% used [0x00000000eab80000,0x00000000eab80000,0x00000000ec300000)
  to   space 22528K, 0% used [0x00000000f4500000,0x00000000f4500000,0x00000000f5b00000)
 ParOldGen       total 92160K, used 23562K [0x0000000085200000, 0x000000008ac00000, 0x00000000d7100000)
  object space 92160K, 25% used [0x0000000085200000,0x00000000869028a0,0x000000008ac00000)
 Metaspace       used 34914K, capacity 35234K, committed 35456K, reserved 1081344K
  class space    used 4320K, capacity 4427K, committed 4480K, reserved 1048576K
}
Event: 17.069 GC heap before
{Heap before GC invocations=12 (full 2):
 PSYoungGen      total 346112K, used 322048K [0x00000000d7100000, 0x00000000f5b00000, 0x0000000100000000)
  eden space 322048K, 100% used [0x00000000d7100000,0x00000000eab80000,0x00000000eab80000)
  from space 24064K, 0% used [0x00000000eab80000,0x00000000eab80000,0x00000000ec300000)
  to   space 22528K, 0% used [0x00000000f4500000,0x00000000f4500000,0x00000000f5b00000)
 ParOldGen       total 92160K, used 23562K [0x0000000085200000, 0x000000008ac00000, 0x00000000d7100000)
  object space 92160K, 25% used [0x0000000085200000,0x00000000869028a0,0x000000008ac00000)
 Metaspace       used 37489K, capacity 37818K, committed 38144K, reserved 1083392K
  class space    used 4658K, capacity 4751K, committed 4864K, reserved 1048576K
Event: 17.092 GC heap after
Heap after GC invocations=12 (full 2):
 PSYoungGen      total 460800K, used 20360K [0x00000000d7100000, 0x00000000f5900000, 0x0000000100000000)
  eden space 440320K, 0% used [0x00000000d7100000,0x00000000d7100000,0x00000000f1f00000)
  from space 20480K, 99% used [0x00000000f4500000,0x00000000f58e2288,0x00000000f5900000)
  to   space 25088K, 0% used [0x00000000f2800000,0x00000000f2800000,0x00000000f4080000)
 ParOldGen       total 92160K, used 23570K [0x0000000085200000, 0x000000008ac00000, 0x00000000d7100000)
  object space 92160K, 25% used [0x0000000085200000,0x00000000869048a0,0x000000008ac00000)
 Metaspace       used 37489K, capacity 37818K, committed 38144K, reserved 1083392K
  class space    used 4658K, capacity 4751K, committed 4864K, reserved 1048576K
}
Event: 55.919 GC heap before
{Heap before GC invocations=13 (full 2):
 PSYoungGen      total 460800K, used 460680K [0x00000000d7100000, 0x00000000f5900000, 0x0000000100000000)
  eden space 440320K, 100% used [0x00000000d7100000,0x00000000f1f00000,0x00000000f1f00000)
  from space 20480K, 99% used [0x00000000f4500000,0x00000000f58e2288,0x00000000f5900000)
  to   space 25088K, 0% used [0x00000000f2800000,0x00000000f2800000,0x00000000f4080000)
 ParOldGen       total 92160K, used 23570K [0x0000000085200000, 0x000000008ac00000, 0x00000000d7100000)
  object space 92160K, 25% used [0x0000000085200000,0x00000000869048a0,0x000000008ac00000)
 Metaspace       used 51914K, capacity 52564K, committed 52992K, reserved 1095680K
  class space    used 6639K, capacity 6820K, committed 6912K, reserved 1048576K

