# JRE version: Java(TM) SE Runtime Environment (8.0_172-b11) (build 1.8.0_172-b11)
# Java VM: Java HotSpot(TM) 64-Bit Server VM (25.172-b11 mixed mode linux-amd64 compressed oops)
Heap:
 PSYoungGen      total 423424K, used 17890K [0x00000000d7100000, 0x00000000f3d80000, 0x0000000100000000)
  eden space 405504K, 0% used [0x00000000d7100000,0x00000000d7100000,0x00000000efd00000)
  from space 17920K, 99% used [0x00000000efd00000,0x00000000f0e789d8,0x00000000f0e80000)
  to   space 15360K, 0% used [0x00000000f0e80000,0x00000000f0e80000,0x00000000f1d80000)
 ParOldGen       total 78336K, used 31206K [0x0000000085200000, 0x0000000089e80000, 0x00000000d7100000)
  object space 78336K, 39% used [0x0000000085200000,0x0000000087079950,0x0000000089e80000)
 Metaspace       used 48479K, capacity 49004K, committed 49408K, reserved 1091584K
  class space    used 6221K, capacity 6358K, committed 6400K, reserved 1048576K
GC Heap History (10 events):
Event: 7.685 GC heap after
Heap after GC invocations=6 (full 1):
 PSYoungGen      total 132096K, used 0K [0x00000000d7100000, 0x00000000e7c00000, 0x0000000100000000)
  eden space 126976K, 0% used [0x00000000d7100000,0x00000000d7100000,0x00000000ded00000)
  from space 5120K, 0% used [0x00000000ded00000,0x00000000ded00000,0x00000000df200000)
  to   space 9728K, 0% used [0x00000000e7280000,0x00000000e7280000,0x00000000e7c00000)
 ParOldGen       total 47104K, used 5899K [0x0000000085200000, 0x0000000088000000, 0x00000000d7100000)
  object space 47104K, 12% used [0x0000000085200000,0x00000000857c2e60,0x0000000088000000)
 Metaspace       used 20877K, capacity 21094K, committed 21296K, reserved 1069056K
  class space    used 2559K, capacity 2658K, committed 2688K, reserved 1048576K
}
Event: 13.576 GC heap before
{Heap before GC invocations=7 (full 1):
 PSYoungGen      total 132096K, used 126976K [0x00000000d7100000, 0x00000000e7c00000, 0x0000000100000000)
  eden space 126976K, 100% used [0x00000000d7100000,0x00000000ded00000,0x00000000ded00000)
  from space 5120K, 0% used [0x00000000ded00000,0x00000000ded00000,0x00000000df200000)
  to   space 9728K, 0% used [0x00000000e7280000,0x00000000e7280000,0x00000000e7c00000)
 ParOldGen       total 47104K, used 5899K [0x0000000085200000, 0x0000000088000000, 0x00000000d7100000)
  object space 47104K, 12% used [0x0000000085200000,0x00000000857c2e60,0x0000000088000000)
 Metaspace       used 22985K, capacity 23338K, committed 23424K, reserved 1069056K
  class space    used 2820K, capacity 2937K, committed 2944K, reserved 1048576K
Event: 13.651 GC heap after
Heap after GC invocations=7 (full 1):
 PSYoungGen      total 236544K, used 5665K [0x00000000d7100000, 0x00000000e7880000, 0x0000000100000000)
  eden space 230400K, 0% used [0x00000000d7100000,0x00000000d7100000,0x00000000e5200000)
  from space 6144K, 92% used [0x00000000e7280000,0x00000000e7808498,0x00000000e7880000)
  to   space 9216K, 0% used [0x00000000e6680000,0x00000000e6680000,0x00000000e6f80000)
 ParOldGen       total 47104K, used 5907K [0x0000000085200000, 0x0000000088000000, 0x00000000d7100000)
  object space 47104K, 12% used [0x0000000085200000,0x00000000857c4e60,0x0000000088000000)
 Metaspace       used 22985K, capacity 23338K, committed 23424K, reserved 1069056K
  class space    used 2820K, capacity 2937K, committed 2944K, reserved 1048576K
}
Event: 24.776 GC heap before
{Heap before GC invocations=8 (full 1):
 PSYoungGen      total 236544K, used 236065K [0x00000000d7100000, 0x00000000e7880000, 0x0000000100000000)
  eden space 230400K, 100% used [0x00000000d7100000,0x00000000e5200000,0x00000000e5200000)
  from space 6144K, 92% used [0x00000000e7280000,0x00000000e7808498,0x00000000e7880000)
  to   space 9216K, 0% used [0x00000000e6680000,0x00000000e6680000,0x00000000e6f80000)
 ParOldGen       total 47104K, used 5907K [0x0000000085200000, 0x0000000088000000, 0x00000000d7100000)
  object space 47104K, 12% used [0x0000000085200000,0x00000000857c4e60,0x0000000088000000)
 Metaspace       used 30405K, capacity 30828K, committed 31104K, reserved 1077248K
  class space    used 3756K, capacity 3855K, committed 3968K, reserved 1048576K
Event: 24.829 GC heap after
Heap after GC invocations=8 (full 1):
 PSYoungGen      total 260608K, used 9199K [0x00000000d7100000, 0x00000000f1d80000, 0x0000000100000000)
  eden space 251392K, 0% used [0x00000000d7100000,0x00000000d7100000,0x00000000e6680000)
  from space 9216K, 99% used [0x00000000e6680000,0x00000000e6f7bfb0,0x00000000e6f80000)
  to   space 15360K, 0% used [0x00000000f0e80000,0x00000000f0e80000,0x00000000f1d80000)
 ParOldGen       total 47104K, used 15471K [0x0000000085200000, 0x0000000088000000, 0x00000000d7100000)
  object space 47104K, 32% used [0x0000000085200000,0x000000008611bf88,0x0000000088000000)
 Metaspace       used 30405K, capacity 30828K, committed 31104K, reserved 1077248K
  class space    used 3756K, capacity 3855K, committed 3968K, reserved 1048576K
}
Event: 33.246 GC heap before
{Heap before GC invocations=9 (full 1):
 PSYoungGen      total 260608K, used 166565K [0x00000000d7100000, 0x00000000f1d80000, 0x0000000100000000)
  eden space 251392K, 62% used [0x00000000d7100000,0x00000000e0aad458,0x00000000e6680000)
  from space 9216K, 99% used [0x00000000e6680000,0x00000000e6f7bfb0,0x00000000e6f80000)
  to   space 15360K, 0% used [0x00000000f0e80000,0x00000000f0e80000,0x00000000f1d80000)
 ParOldGen       total 47104K, used 15471K [0x0000000085200000, 0x0000000088000000, 0x00000000d7100000)
  object space 47104K, 32% used [0x0000000085200000,0x000000008611bf88,0x0000000088000000)
 Metaspace       used 34921K, capacity 35354K, committed 35496K, reserved 1081344K
  class space    used 4255K, capacity 4348K, committed 4352K, reserved 1048576K
Event: 33.433 GC heap after
Heap after GC invocations=9 (full 1):
 PSYoungGen      total 420864K, used 15352K [0x00000000d7100000, 0x00000000f3d80000, 0x0000000100000000)
  eden space 405504K, 0% used [0x00000000d7100000,0x00000000d7100000,0x00000000efd00000)
  from space 15360K, 99% used [0x00000000f0e80000,0x00000000f1d7e0b8,0x00000000f1d80000)
  to   space 17920K, 0% used [0x00000000efd00000,0x00000000efd00000,0x00000000f0e80000)
 ParOldGen       total 47104K, used 16414K [0x0000000085200000, 0x0000000088000000, 0x00000000d7100000)
  object space 47104K, 34% used [0x0000000085200000,0x00000000862078c8,0x0000000088000000)
 Metaspace       used 34921K, capacity 35354K, committed 35496K, reserved 1081344K
  class space    used 4255K, capacity 4348K, committed 4352K, reserved 1048576K
}
Event: 33.433 GC heap before
{Heap before GC invocations=10 (full 2):
 PSYoungGen      total 420864K, used 15352K [0x00000000d7100000, 0x00000000f3d80000, 0x0000000100000000)
  eden space 405504K, 0% used [0x00000000d7100000,0x00000000d7100000,0x00000000efd00000)
  from space 15360K, 99% used [0x00000000f0e80000,0x00000000f1d7e0b8,0x00000000f1d80000)
  to   space 17920K, 0% used [0x00000000efd00000,0x00000000efd00000,0x00000000f0e80000)
 ParOldGen       total 47104K, used 16414K [0x0000000085200000, 0x0000000088000000, 0x00000000d7100000)
  object space 47104K, 34% used [0x0000000085200000,0x00000000862078c8,0x0000000088000000)
 Metaspace       used 34921K, capacity 35354K, committed 35496K, reserved 1081344K
  class space    used 4255K, capacity 4348K, committed 4352K, reserved 1048576K
Event: 33.621 GC heap after
Heap after GC invocations=10 (full 2):
 PSYoungGen      total 420864K, used 0K [0x00000000d7100000, 0x00000000f3d80000, 0x0000000100000000)
  eden space 405504K, 0% used [0x00000000d7100000,0x00000000d7100000,0x00000000efd00000)
  from space 15360K, 0% used [0x00000000f0e80000,0x00000000f0e80000,0x00000000f1d80000)
  to   space 17920K, 0% used [0x00000000efd00000,0x00000000efd00000,0x00000000f0e80000)
 ParOldGen       total 78336K, used 26427K [0x0000000085200000, 0x0000000089e80000, 0x00000000d7100000)
  object space 78336K, 33% used [0x0000000085200000,0x0000000086bcef38,0x0000000089e80000)
 Metaspace       used 34921K, capacity 35354K, committed 35496K, reserved 1081344K
  class space    used 4255K, capacity 4348K, committed 4352K, reserved 1048576K
}
Event: 67.981 GC heap before
{Heap before GC invocations=11 (full 2):
 PSYoungGen      total 420864K, used 405504K [0x00000000d7100000, 0x00000000f3d80000, 0x0000000100000000)
  eden space 405504K, 100% used [0x00000000d7100000,0x00000000efd00000,0x00000000efd00000)
  from space 15360K, 0% used [0x00000000f0e80000,0x00000000f0e80000,0x00000000f1d80000)
  to   space 17920K, 0% used [0x00000000efd00000,0x00000000efd00000,0x00000000f0e80000)
 ParOldGen       total 78336K, used 26427K [0x0000000085200000, 0x0000000089e80000, 0x00000000d7100000)
  object space 78336K, 33% used [0x0000000085200000,0x0000000086bcef38,0x0000000089e80000)
 Metaspace       used 48479K, capacity 49004K, committed 49408K, reserved 1091584K
  class space    used 6221K, capacity 6358K, committed 6400K, reserved 1048576K

